<?xml version="1.0" encoding="UTF-8" ?>
<testsuite tests="14" failures="0" name="testrunner.TestRunner" time="0.005" errors="0" skipped="0">
  <properties>
    <property name="java.runtime.name" value="Java(TM) SE Runtime Environment"/>
    <property name="java.vm.version" value="14.0.2+12-46"/>
    <property name="sun.boot.library.path" value="C:\Program Files\Java\jdk-14.0.2\bin"/>
    <property name="maven.multiModuleProjectDirectory" value="C:\Users\Avinash Vyankat Bele\OneDrive\Desktop\May2020\Cucumber_Test_Automation_Framework"/>
    <property name="java.vm.vendor" value="Oracle Corporation"/>
    <property name="java.vendor.url" value="https://java.oracle.com/"/>
    <property name="guice.disable.misplaced.annotation.check" value="true"/>
    <property name="path.separator" value=";"/>
    <property name="java.vm.name" value="Java HotSpot(TM) 64-Bit Server VM"/>
    <property name="sun.os.patch.level" value=""/>
    <property name="user.script" value=""/>
    <property name="user.country" value="IN"/>
    <property name="sun.java.launcher" value="SUN_STANDARD"/>
    <property name="java.vm.specification.name" value="Java Virtual Machine Specification"/>
    <property name="user.dir" value="C:\Users\Avinash Vyankat Bele\OneDrive\Desktop\May2020\Cucumber_Test_Automation_Framework"/>
    <property name="java.vm.compressedOopsMode" value="32-bit"/>
    <property name="java.runtime.version" value="14.0.2+12-46"/>
    <property name="os.arch" value="amd64"/>
    <property name="java.io.tmpdir" value="C:\Users\AVINAS~1\AppData\Local\Temp\"/>
    <property name="line.separator" value="
"/>
    <property name="java.vm.specification.vendor" value="Oracle Corporation"/>
    <property name="user.variant" value=""/>
    <property name="os.name" value="Windows 10"/>
    <property name="classworlds.conf" value="C:\Users\Avinash Vyankat Bele\eclipse-workspace\.metadata\.plugins\org.eclipse.m2e.launching\launches\m2conf1277245104109428203.tmp"/>
    <property name="sun.jnu.encoding" value="Cp1252"/>
    <property name="java.library.path" value="C:\Program Files\Java\jdk-14.0.2\bin;C:\windows\Sun\Java\bin;C:\windows\system32;C:\windows;C:/Program Files/Java/jdk-14.0.2/bin/server;C:/Program Files/Java/jdk-14.0.2/bin;C:\windows\system32;C:\windows;C:\windows\System32\Wbem;C:\windows\System32\WindowsPowerShell\v1.0\;C:\windows\System32\OpenSSH\;C:\Program Files\Git\cmd;C:\Program Files\Java\jdk-14.0.2\bin;D:\apache-maven-3.6.3\bin;C:\Program Files\MySQL\MySQL Shell 8.0\bin\;C:\Users\Avinash Vyankat Bele\AppData\Local\Microsoft\WindowsApps;;C:\Users\Avinash Vyankat Bele\OneDrive\Desktop;;."/>
    <property name="jdk.debug" value="release"/>
    <property name="java.class.version" value="58.0"/>
    <property name="java.specification.name" value="Java Platform API Specification"/>
    <property name="sun.management.compiler" value="HotSpot 64-Bit Tiered Compilers"/>
    <property name="os.version" value="10.0"/>
    <property name="user.home" value="C:\Users\Avinash Vyankat Bele"/>
    <property name="user.timezone" value="Asia/Calcutta"/>
    <property name="file.encoding" value="Cp1252"/>
    <property name="java.specification.version" value="14"/>
    <property name="user.name" value="Avinash Vyankat Bele"/>
    <property name="java.class.path" value="C:\Users\Avinash Vyankat Bele\.p2\pool\plugins\org.eclipse.m2e.maven.runtime_1.16.0.20200610-1735\jars\plexus-classworlds-2.6.0.jar"/>
    <property name="java.vm.specification.version" value="14"/>
    <property name="sun.arch.data.model" value="64"/>
    <property name="sun.java.command" value="org.codehaus.plexus.classworlds.launcher.Launcher -B install"/>
    <property name="java.home" value="C:\Program Files\Java\jdk-14.0.2"/>
    <property name="user.language" value="en"/>
    <property name="java.specification.vendor" value="Oracle Corporation"/>
    <property name="java.vm.info" value="mixed mode, sharing"/>
    <property name="java.version" value="14.0.2"/>
    <property name="java.vendor" value="Oracle Corporation"/>
    <property name="maven.home" value="C:\Users\Avinash Vyankat Bele\OneDrive\Desktop\May2020\Cucumber_Test_Automation_Framework\EMBEDDED"/>
    <property name="file.separator" value="\"/>
    <property name="java.version.date" value="2020-07-14"/>
    <property name="java.vendor.url.bug" value="https://bugreport.java.com/bugreport/"/>
    <property name="sun.io.unicode.encoding" value="UnicodeLittle"/>
    <property name="sun.cpu.endian" value="little"/>
    <property name="sun.cpu.isalist" value="amd64"/>
  </properties>
  <testcase classname="| hp laptop |" name="Given user is on Home Page" time="0.005"/>
  <testcase classname="| hp laptop |" name="When he submit username and password" time="0"/>
  <testcase classname="| hp laptop |" name="And he search for &quot;hp laptop&quot;" time="0"/>
  <testcase classname="| hp laptop |" name="And choose to buy the first item" time="0"/>
  <testcase classname="| hp laptop |" name="And Add product to shopping cart" time="0"/>
  <testcase classname="| hp laptop |" name="And Cliks on proceed to check out" time="0"/>
  <testcase classname="| hp laptop |" name="| hp laptop |" time="0"/>
  <testcase classname="| hp laptop |" name="Given user is on Home Page" time="0"/>
  <testcase classname="| hp laptop |" name="When he submit username and password" time="0"/>
  <testcase classname="| hp laptop |" name="And he search for &quot;hp laptop&quot;" time="0"/>
  <testcase classname="| hp laptop |" name="And choose to buy the first item" time="0"/>
  <testcase classname="| hp laptop |" name="And Add product to shopping cart" time="0"/>
  <testcase classname="| hp laptop |" name="And Cliks on proceed to check out" time="0"/>
  <testcase classname="| hp laptop |" name="| hp laptop |" time="0"/>
</testsuite>